In file included from ../ext/bson.h:17:0,
                 from ../ext/bson.cc:35:
../ext/nan.h: In function ‘v8::Handle<v8::Value> NanError(const char*)’:
../ext/nan.h:339:13: error: ‘New’ is not a member of ‘v8::String’
../ext/nan.h: In function ‘void NanThrowError(const char*)’:
../ext/nan.h:343:5: error: ‘ThrowException’ is not a member of ‘v8’
../ext/nan.h:343:5: error: ‘New’ is not a member of ‘v8::String’
../ext/nan.h: In function ‘void NanThrowError(v8::Handle<v8::Value>)’:
../ext/nan.h:348:5: error: ‘ThrowException’ is not a member of ‘v8’
../ext/nan.h: In function ‘v8::Handle<v8::Value> NanError(const char*, int)’:
../ext/nan.h:355:53: error: ‘New’ is not a member of ‘v8::String’
../ext/nan.h:357:14: error: ‘New’ is not a member of ‘v8::String’
../ext/nan.h:357:65: error: no matching function for call to ‘v8::Int32::New(const int&)’
../ext/nan.h:357:65: note: candidate is:
/home/sean/.node-gyp/0.11.13/deps/v8/include/v8.h:2074:25: note: static v8::Local<v8::Integer> v8::Integer::New(v8::Isolate*, int32_t)
/home/sean/.node-gyp/0.11.13/deps/v8/include/v8.h:2074:25: note:   candidate expects 2 arguments, 1 provided
../ext/nan.h: In function ‘v8::Handle<v8::Value> NanTypeError(const char*)’:
../ext/nan.h:369:12: error: ‘New’ is not a member of ‘v8::String’
../ext/nan.h: In function ‘void NanThrowTypeError(const char*)’:
../ext/nan.h:373:5: error: ‘ThrowException’ is not a member of ‘v8’
../ext/nan.h:373:5: error: ‘New’ is not a member of ‘v8::String’
../ext/nan.h: In function ‘v8::Handle<v8::Value> NanRangeError(const char*)’:
../ext/nan.h:377:12: error: ‘New’ is not a member of ‘v8::String’
../ext/nan.h: In function ‘void NanThrowRangeError(const char*)’:
../ext/nan.h:381:5: error: ‘ThrowException’ is not a member of ‘v8’
../ext/nan.h:381:5: error: ‘New’ is not a member of ‘v8::String’
../ext/nan.h: In constructor ‘NanCallback::NanCallback()’:
../ext/nan.h:727:49: error: no matching function for call to ‘v8::Object::New()’
../ext/nan.h:727:49: note: candidate is:
/home/sean/.node-gyp/0.11.13/deps/v8/include/v8.h:2457:24: note: static v8::Local<v8::Object> v8::Object::New(v8::Isolate*)
/home/sean/.node-gyp/0.11.13/deps/v8/include/v8.h:2457:24: note:   candidate expects 1 argument, 0 provided
../ext/nan.h: In constructor ‘NanCallback::NanCallback(const v8::Handle<v8::Function>&)’:
../ext/nan.h:733:49: error: no matching function for call to ‘v8::Object::New()’
../ext/nan.h:733:49: note: candidate is:
/home/sean/.node-gyp/0.11.13/deps/v8/include/v8.h:2457:24: note: static v8::Local<v8::Object> v8::Object::New(v8::Isolate*)
/home/sean/.node-gyp/0.11.13/deps/v8/include/v8.h:2457:24: note:   candidate expects 1 argument, 0 provided
../ext/nan.h: In destructor ‘NanCallback::~NanCallback()’:
../ext/nan.h:740:12: error: ‘class v8::Persistent<v8::Object>’ has no member named ‘Dispose’
../ext/nan.h:741:12: error: ‘class v8::Persistent<v8::Object>’ has no member named ‘Clear’
../ext/nan.h: In member function ‘void NanCallback::SetFunction(const v8::Handle<v8::Function>&)’:
../ext/nan.h:746:39: error: ‘NewSymbol’ is not a member of ‘v8::String’
../ext/nan.h: In member function ‘v8::Local<v8::Function> NanCallback::GetFunction()’:
../ext/nan.h:750:46: error: ‘NewSymbol’ is not a member of ‘v8::String’
../ext/nan.h:751:25: error: expected primary-expression before ‘>’ token
../ext/nan.h:751:27: error: expected primary-expression before ‘)’ token
../ext/nan.h: In member function ‘void NanCallback::Call(int, v8::Handle<v8::Value>*)’:
../ext/nan.h:759:13: error: ‘NewSymbol’ is not a member of ‘v8::String’
../ext/nan.h:759:51: error: expected primary-expression before ‘>’ token
../ext/nan.h:759:53: error: expected primary-expression before ‘)’ token
../ext/nan.h:761:9: error: ‘GetCurrent’ is not a member of ‘v8::Context’
../ext/nan.h: In member function ‘void NanAsyncWorker::SavePersistent(const char*, v8::Local<v8::Object>&)’:
../ext/nan.h:808:17: error: ‘NewSymbol’ is not a member of ‘v8::String’
../ext/nan.h: In member function ‘v8::Local<v8::Object> NanAsyncWorker::GetFromPersistent(const char*)’:
../ext/nan.h:815:24: error: ‘NewSymbol’ is not a member of ‘v8::String’
../ext/nan.h:815:53: error: expected primary-expression before ‘>’ token
../ext/nan.h:815:55: error: expected primary-expression before ‘)’ token
../ext/nan.h: In member function ‘virtual void NanAsyncWorker::HandleErrorCallback()’:
../ext/nan.h:837:30: error: ‘New’ is not a member of ‘v8::String’
../ext/bson.cc: In member function ‘v8::Handle<v8::Value> BSONDeserializer::ReadCString()’:
../ext/bson.cc:362:15: error: too few arguments to function ‘v8::Handle<v8::Primitive> v8::Null(v8::Isolate*)’
/home/sean/.node-gyp/0.11.13/deps/v8/include/v8.h:337:28: note: declared here
../ext/bson.cc:364:9: error: ‘New’ is not a member of ‘v8::String’
../ext/bson.cc: In member function ‘v8::Local<v8::String> BSONDeserializer::ReadString()’:
../ext/bson.cc:399:9: error: ‘New’ is not a member of ‘v8::String’
../ext/bson.cc: In member function ‘v8::Local<v8::String> BSONDeserializer::ReadObjectId()’:
../ext/bson.cc:409:9: error: ‘New’ is not a member of ‘v8::String’
../ext/bson.cc: In member function ‘v8::Handle<v8::Value> BSONDeserializer::DeserializeDocumentInternal(bool)’:
../ext/bson.cc:423:43: error: no matching function for call to ‘v8::Object::New()’
../ext/bson.cc:423:43: note: candidate is:
/home/sean/.node-gyp/0.11.13/deps/v8/include/v8.h:2457:24: note: static v8::Local<v8::Object> v8::Object::New(v8::Isolate*)
/home/sean/.node-gyp/0.11.13/deps/v8/include/v8.h:2457:24: note:   candidate expects 1 argument, 0 provided
../ext/bson.cc: In member function ‘v8::Handle<v8::Value> BSONDeserializer::DeserializeArrayInternal(bool)’:
../ext/bson.cc:460:40: error: no matching function for call to ‘v8::Array::New()’
../ext/bson.cc:460:40: note: candidate is:
/home/sean/.node-gyp/0.11.13/deps/v8/include/v8.h:2486:23: note: static v8::Local<v8::Array> v8::Array::New(v8::Isolate*, int)
/home/sean/.node-gyp/0.11.13/deps/v8/include/v8.h:2486:23: note:   candidate expects 2 arguments, 0 provided
../ext/bson.cc: In member function ‘v8::Handle<v8::Value> BSONDeserializer::DeserializeValue(BsonType, bool)’:
../ext/bson.cc:482:34: error: no matching function for call to ‘v8::Integer::New(int32_t)’
../ext/bson.cc:482:34: note: candidate is:
/home/sean/.node-gyp/0.11.13/deps/v8/include/v8.h:2074:25: note: static v8::Local<v8::Integer> v8::Integer::New(v8::Isolate*, int32_t)
/home/sean/.node-gyp/0.11.13/deps/v8/include/v8.h:2074:25: note:   candidate expects 2 arguments, 1 provided
../ext/bson.cc:485:34: error: no matching function for call to ‘v8::Number::New(double)’
../ext/bson.cc:485:34: note: candidate is:
/home/sean/.node-gyp/0.11.13/deps/v8/include/v8.h:2061:24: note: static v8::Local<v8::Number> v8::Number::New(v8::Isolate*, double)
/home/sean/.node-gyp/0.11.13/deps/v8/include/v8.h:2061:24: note:   candidate expects 2 arguments, 1 provided
../ext/bson.cc:488:15: error: too few arguments to function ‘v8::Handle<v8::Primitive> v8::Null(v8::Isolate*)’
/home/sean/.node-gyp/0.11.13/deps/v8/include/v8.h:337:28: note: declared here
../ext/bson.cc:491:20: error: too few arguments to function ‘v8::Handle<v8::Primitive> v8::Undefined(v8::Isolate*)’
/home/sean/.node-gyp/0.11.13/deps/v8/include/v8.h:336:28: note: declared here
../ext/bson.cc:497:46: error: no matching function for call to ‘v8::Int32::New(int32_t&)’
../ext/bson.cc:497:46: note: candidate is:
/home/sean/.node-gyp/0.11.13/deps/v8/include/v8.h:2074:25: note: static v8::Local<v8::Integer> v8::Integer::New(v8::Isolate*, int32_t)
/home/sean/.node-gyp/0.11.13/deps/v8/include/v8.h:2074:25: note:   candidate expects 2 arguments, 1 provided
../ext/bson.cc:497:68: error: no matching function for call to ‘v8::Int32::New(int32_t&)’
../ext/bson.cc:497:68: note: candidate is:
/home/sean/.node-gyp/0.11.13/deps/v8/include/v8.h:2074:25: note: static v8::Local<v8::Integer> v8::Integer::New(v8::Isolate*, int32_t)
/home/sean/.node-gyp/0.11.13/deps/v8/include/v8.h:2074:25: note:   candidate expects 2 arguments, 1 provided
../ext/bson.cc:502:35: error: too few arguments to function ‘v8::Handle<v8::Boolean> v8::True(v8::Isolate*)’
/home/sean/.node-gyp/0.11.13/deps/v8/include/v8.h:6559:17: note: declared here
../ext/bson.cc:502:45: error: too few arguments to function ‘v8::Handle<v8::Boolean> v8::False(v8::Isolate*)’
/home/sean/.node-gyp/0.11.13/deps/v8/include/v8.h:6568:17: note: declared here
../ext/bson.cc:515:44: error: no matching function for call to ‘v8::Object::New()’
../ext/bson.cc:515:44: note: candidate is:
/home/sean/.node-gyp/0.11.13/deps/v8/include/v8.h:2457:24: note: static v8::Local<v8::Object> v8::Object::New(v8::Isolate*)
/home/sean/.node-gyp/0.11.13/deps/v8/include/v8.h:2457:24: note:   candidate expects 1 argument, 0 provided
../ext/bson.cc:546:56: error: no matching function for call to ‘v8::Uint32::New(uint32_t&)’
../ext/bson.cc:546:56: note: candidate is:
/home/sean/.node-gyp/0.11.13/deps/v8/include/v8.h:2074:25: note: static v8::Local<v8::Integer> v8::Integer::New(v8::Isolate*, int32_t)
/home/sean/.node-gyp/0.11.13/deps/v8/include/v8.h:2074:25: note:   candidate expects 2 arguments, 1 provided
../ext/bson.cc:564:35: error: no matching function for call to ‘v8::Number::New(int64_t&)’
../ext/bson.cc:564:35: note: candidate is:
/home/sean/.node-gyp/0.11.13/deps/v8/include/v8.h:2061:24: note: static v8::Local<v8::Number> v8::Number::New(v8::Isolate*, double)
/home/sean/.node-gyp/0.11.13/deps/v8/include/v8.h:2061:24: note:   candidate expects 2 arguments, 1 provided
../ext/bson.cc:569:46: error: no matching function for call to ‘v8::Int32::New(int32_t&)’
../ext/bson.cc:569:46: note: candidate is:
/home/sean/.node-gyp/0.11.13/deps/v8/include/v8.h:2074:25: note: static v8::Local<v8::Integer> v8::Integer::New(v8::Isolate*, int32_t)
/home/sean/.node-gyp/0.11.13/deps/v8/include/v8.h:2074:25: note:   candidate expects 2 arguments, 1 provided
../ext/bson.cc:569:68: error: no matching function for call to ‘v8::Int32::New(int32_t&)’
../ext/bson.cc:569:68: note: candidate is:
/home/sean/.node-gyp/0.11.13/deps/v8/include/v8.h:2074:25: note: static v8::Local<v8::Integer> v8::Integer::New(v8::Isolate*, int32_t)
/home/sean/.node-gyp/0.11.13/deps/v8/include/v8.h:2074:25: note:   candidate expects 2 arguments, 1 provided
../ext/bson.cc:574:40: error: no matching function for call to ‘v8::Date::New(double)’
../ext/bson.cc:574:40: note: candidate is:
/home/sean/.node-gyp/0.11.13/deps/v8/include/v8.h:3071:23: note: static v8::Local<v8::Value> v8::Date::New(v8::Isolate*, double)
/home/sean/.node-gyp/0.11.13/deps/v8/include/v8.h:3071:23: note:   candidate expects 2 arguments, 1 provided
../ext/bson.cc:599:18: error: too few arguments to function ‘v8::Handle<v8::Primitive> v8::Null(v8::Isolate*)’
/home/sean/.node-gyp/0.11.13/deps/v8/include/v8.h:337:28: note: declared here
../ext/bson.cc: In constructor ‘BSON::BSON()’:
../ext/bson.cc:607:9: error: ‘New’ is not a member of ‘v8::String’
../ext/bson.cc:608:9: error: ‘New’ is not a member of ‘v8::String’
../ext/bson.cc:609:9: error: ‘New’ is not a member of ‘v8::String’
../ext/bson.cc:610:9: error: ‘New’ is not a member of ‘v8::String’
../ext/bson.cc:611:9: error: ‘New’ is not a member of ‘v8::String’
../ext/bson.cc:612:9: error: ‘New’ is not a member of ‘v8::String’
../ext/bson.cc:613:9: error: ‘New’ is not a member of ‘v8::String’
../ext/bson.cc:614:9: error: ‘New’ is not a member of ‘v8::String’
../ext/bson.cc:615:9: error: ‘New’ is not a member of ‘v8::String’
../ext/bson.cc:616:9: error: ‘New’ is not a member of ‘v8::String’
../ext/bson.cc:617:9: error: ‘New’ is not a member of ‘v8::String’
../ext/bson.cc:618:9: error: ‘New’ is not a member of ‘v8::String’
../ext/bson.cc:619:9: error: ‘New’ is not a member of ‘v8::String’
../ext/bson.cc:620:9: error: ‘New’ is not a member of ‘v8::String’
../ext/bson.cc:621:9: error: ‘New’ is not a member of ‘v8::String’
../ext/bson.cc:622:9: error: ‘New’ is not a member of ‘v8::String’
../ext/bson.cc:623:9: error: ‘New’ is not a member of ‘v8::String’
../ext/bson.cc:624:9: error: ‘New’ is not a member of ‘v8::String’
../ext/bson.cc:626:9: error: ‘New’ is not a member of ‘v8::String’
../ext/bson.cc:627:9: error: ‘New’ is not a member of ‘v8::String’
../ext/bson.cc:628:9: error: ‘New’ is not a member of ‘v8::String’
../ext/bson.cc:629:9: error: ‘New’ is not a member of ‘v8::String’
../ext/bson.cc:630:9: error: ‘New’ is not a member of ‘v8::String’
../ext/bson.cc:631:9: error: ‘New’ is not a member of ‘v8::String’
../ext/bson.cc:632:9: error: ‘New’ is not a member of ‘v8::String’
../ext/bson.cc:633:9: error: ‘New’ is not a member of ‘v8::String’
../ext/bson.cc:634:9: error: ‘New’ is not a member of ‘v8::String’
../ext/bson.cc:635:9: error: ‘New’ is not a member of ‘v8::String’
../ext/bson.cc: In static member function ‘static void BSON::Initialize(v8::Handle<v8::Object>)’:
../ext/bson.cc:643:55: error: no matching function for call to ‘v8::FunctionTemplate::New(void (&)(const v8::FunctionCallbackInfo<v8::Value>&))’
../ext/bson.cc:643:55: note: candidate is:
/home/sean/.node-gyp/0.11.13/deps/v8/include/v8.h:3519:34: note: static v8::Local<v8::FunctionTemplate> v8::FunctionTemplate::New(v8::Isolate*, v8::FunctionCallback, v8::Handle<v8::Value>, v8::Handle<v8::Signature>, int)
/home/sean/.node-gyp/0.11.13/deps/v8/include/v8.h:3519:34: note:   no known conversion for argument 1 from ‘void(const v8::FunctionCallbackInfo<v8::Value>&)’ to ‘v8::Isolate*’
../ext/bson.cc:645:18: error: ‘NewSymbol’ is not a member of ‘v8::String’
../ext/bson.cc:656:19: error: ‘NewSymbol’ is not a member of ‘v8::String’
../ext/bson.cc: In static member function ‘static void BSON::BSONDeserialize(const v8::FunctionCallbackInfo<v8::Value>&)’:
../ext/bson.cc:757:19: error: ‘New’ is not a member of ‘v8::String’
../ext/bson.cc:758:32: error: ‘New’ is not a member of ‘v8::String’
../ext/bson.cc:791:26: error: ‘New’ is not a member of ‘v8::String’
../ext/bson.cc:820:26: error: ‘New’ is not a member of ‘v8::String’
../ext/bson.cc: In static member function ‘static void BSON::BSONSerialize(const v8::FunctionCallbackInfo<v8::Value>&)’:
../ext/bson.cc:887:25: error: ‘New’ is not a member of ‘v8::String’
../ext/bson.cc: In static member function ‘static void BSON::CalculateObjectSize(const v8::FunctionCallbackInfo<v8::Value>&)’:
../ext/bson.cc:922:2: error: no matching function for call to ‘v8::Uint32::New(uint32_t)’
../ext/bson.cc:922:2: note: candidate is:
/home/sean/.node-gyp/0.11.13/deps/v8/include/v8.h:2074:25: note: static v8::Local<v8::Integer> v8::Integer::New(v8::Isolate*, int32_t)
/home/sean/.node-gyp/0.11.13/deps/v8/include/v8.h:2074:25: note:   candidate expects 2 arguments, 1 provided
../ext/bson.cc:922:2: error: return-statement with a value, in function returning 'void' [-fpermissive]
../ext/bson.cc: In static member function ‘static void BSON::SerializeWithBufferAndIndex(const v8::FunctionCallbackInfo<v8::Value>&)’:
../ext/bson.cc:958:25: error: ‘New’ is not a member of ‘v8::String’
../ext/bson.cc:963:2: error: no matching function for call to ‘v8::Uint32::New(uint32_t)’
../ext/bson.cc:963:2: note: candidate is:
/home/sean/.node-gyp/0.11.13/deps/v8/include/v8.h:2074:25: note: static v8::Local<v8::Integer> v8::Integer::New(v8::Isolate*, int32_t)
/home/sean/.node-gyp/0.11.13/deps/v8/include/v8.h:2074:25: note:   candidate expects 2 arguments, 1 provided
../ext/bson.cc:963:2: error: return-statement with a value, in function returning 'void' [-fpermissive]
../ext/bson.cc: In static member function ‘static void BSON::BSONDeserializeStream(const v8::FunctionCallbackInfo<v8::Value>&)’:
../ext/bson.cc:998:19: error: ‘New’ is not a member of ‘v8::String’
../ext/bson.cc:999:32: error: ‘New’ is not a member of ‘v8::String’
../ext/bson.cc:1028:33: error: ‘New’ is not a member of ‘v8::String’
../ext/bson.cc:1035:2: error: no matching function for call to ‘v8::Uint32::New(uint32_t)’
../ext/bson.cc:1035:2: note: candidate is:
/home/sean/.node-gyp/0.11.13/deps/v8/include/v8.h:2074:25: note: static v8::Local<v8::Integer> v8::Integer::New(v8::Isolate*, int32_t)
/home/sean/.node-gyp/0.11.13/deps/v8/include/v8.h:2074:25: note:   candidate expects 2 arguments, 1 provided
../ext/bson.cc:1035:2: error: return-statement with a value, in function returning 'void' [-fpermissive]
In file included from ../ext/bson.h:17:0,
                 from ../ext/bson.cc:35:
../ext/nan.h: In function ‘void NanDisposePersistent(v8::Persistent<T, v8::NonCopyablePersistentTraits<T> >&) [with T = v8::Object]’:
../ext/nan.h:786:44:   instantiated from here
../ext/nan.h:394:5: error: ‘class v8::Persistent<v8::Object>’ has no member named ‘Clear’
../ext/bson.cc: In member function ‘v8::Handle<v8::Value> BSONDeserializer::DeserializeValue(BsonType, bool)’:
../ext/bson.cc:600:1: warning: control reaches end of non-void function [-Wreturn-type]
../ext/bson.cc: In member function ‘v8::Local<v8::String> BSONDeserializer::ReadObjectId()’:
../ext/bson.cc:410:1: warning: control reaches end of non-void function [-Wreturn-type]
../ext/bson.cc: In member function ‘v8::Local<v8::String> BSONDeserializer::ReadString()’:
../ext/bson.cc:400:1: warning: control reaches end of non-void function [-Wreturn-type]
../ext/bson.cc: In member function ‘v8::Handle<v8::Value> BSONDeserializer::ReadCString()’:
../ext/bson.cc:365:1: warning: control reaches end of non-void function [-Wreturn-type]
make: *** [Release/obj.target/bson/ext/bson.o] Error 1
gyp ERR! build error 
gyp ERR! stack Error: `make` failed with exit code: 2
gyp ERR! stack     at ChildProcess.onExit (/home/sean/.nvm/v0.11.13/lib/node_modules/npm/node_modules/node-gyp/lib/build.js:267:23)
gyp ERR! stack     at ChildProcess.EventEmitter.emit (events.js:110:17)
gyp ERR! stack     at Process.ChildProcess._handle.onexit (child_process.js:1046:12)
gyp ERR! System Linux 3.13.0-34-generic
gyp ERR! command "node" "/home/sean/.nvm/v0.11.13/lib/node_modules/npm/node_modules/node-gyp/bin/node-gyp.js" "rebuild"
gyp ERR! cwd /home/sean/Documents/Development/Javascript/Angular_Mongo_Node-Tutorial/Samples/Express/node_modules/connect-mongo/node_modules/mongodb/node_modules/bson
gyp ERR! node -v v0.11.13
gyp ERR! node-gyp -v v0.13.1
gyp ERR! not ok 
